<?xml version="1.0" encoding="UTF-8"?>
<!-- Generated by org.testng.reporters.JUnitReportReporter -->
<testsuite hostname="DESKTOP-OSSFJTV" failures="0" tests="1" name="com.GAP.WS1_0.Create_Global_Form_Template_Online_CC" time="138.291" errors="0" timestamp="18 Dec 2018 16:01:33 GMT" skipped="0">
  <testcase classname="com.GAP.WS1_0.Create_Global_Form_Template_Online_CC" name="create_global_form_template_online_cc" time="138.291"/>
</testsuite> <!-- com.GAP.WS1_0.Create_Global_Form_Template_Online_CC -->
