<?xml version="1.0" encoding="UTF-8"?>
<!-- Generated by org.testng.reporters.JUnitReportReporter -->
<testsuite hostname="DESKTOP-OSSFJTV" failures="0" tests="1" name="com.GAP.WS1_0.Home_Page_CC" time="39.512" errors="0" timestamp="13 Dec 2018 13:36:06 GMT" skipped="0">
  <testcase classname="com.GAP.WS1_0.Home_Page_CC" name="home_page_cc" time="39.512"/>
</testsuite> <!-- com.GAP.WS1_0.Home_Page_CC -->
