<?xml version="1.0" encoding="UTF-8"?>
<!-- Generated by org.testng.reporters.JUnitReportReporter -->
<testsuite hostname="DESKTOP-OSSFJTV" failures="0" tests="1" name="com.GAP.WS1_0.Manual_Exhibitor_Portal_CC" time="55.554" errors="0" timestamp="02 Jan 2019 16:04:07 GMT" skipped="0">
  <testcase classname="com.GAP.WS1_0.Manual_Exhibitor_Portal_CC" name="manual_exhibitor_portal_cc" time="55.554"/>
</testsuite> <!-- com.GAP.WS1_0.Manual_Exhibitor_Portal_CC -->
