<?xml version="1.0" encoding="UTF-8"?>
<!-- Generated by org.testng.reporters.JUnitReportReporter -->
<testsuite hostname="DESKTOP-OSSFJTV" failures="0" tests="1" name="com.WS1_1.WS1_1.Demo" time="78.165" errors="0" timestamp="19 Sep 2018 12:40:51 GMT" skipped="0">
  <testcase classname="com.WS1_1.WS1_1.Demo" name="LeadCreation" time="78.165"/>
</testsuite> <!-- com.WS1_1.WS1_1.Demo -->
