<?xml version="1.0" encoding="UTF-8"?>
<!-- Generated by org.testng.reporters.JUnitReportReporter -->
<testsuite hostname="DESKTOP-VVNQ9IQ" name="com.GAP.WS1_0.Forms_AdditionalForms_CC" tests="1" failures="0" timestamp="18 Dec 2018 11:25:56 GMT" time="388.888" errors="0">
  <testcase name="verifyFormsAdditionalFormsCustomerCentre" time="388.888" classname="com.GAP.WS1_0.Forms_AdditionalForms_CC"/>
</testsuite> <!-- com.GAP.WS1_0.Forms_AdditionalForms_CC -->
