<?xml version="1.0" encoding="UTF-8"?>
<!-- Generated by org.testng.reporters.JUnitReportReporter -->
<testsuite hostname="DESKTOP-VVNQ9IQ" name="com.GAP.WS1_0.Create_Related_Opportunity" tests="1" failures="0" timestamp="3 Dec 2018 11:49:01 GMT" time="1107.115" errors="0">
  <testcase name="verifyCreateRelatedOpportunity" time="1107.115" classname="com.GAP.WS1_0.Create_Related_Opportunity"/>
</testsuite> <!-- com.GAP.WS1_0.Create_Related_Opportunity -->
