<?xml version="1.0" encoding="UTF-8"?>
<!-- Generated by org.testng.reporters.JUnitReportReporter -->
<testsuite hostname="DESKTOP-OSSFJTV" failures="0" tests="1" name="com.WS1_1.WS1_1.Verify_Billing_Contact" time="324.386" errors="0" timestamp="19 Sep 2018 10:55:10 GMT" skipped="0">
  <testcase classname="com.WS1_1.WS1_1.Verify_Billing_Contact" name="verify_billing_contact" time="324.386"/>
</testsuite> <!-- com.WS1_1.WS1_1.Verify_Billing_Contact -->
