<?xml version="1.0" encoding="UTF-8"?>
<!-- Generated by org.testng.reporters.JUnitReportReporter -->
<testsuite hostname="DESKTOP-OSSFJTV" failures="0" tests="1" name="com.WS1_0.WS1_0.Verify_Primary_Contact_Autopopulate_Copy" time="157.837" errors="0" timestamp="25 Sep 2018 14:27:32 GMT" skipped="0">
  <testcase classname="com.WS1_0.WS1_0.Verify_Primary_Contact_Autopopulate_Copy" name="Verify_Primary_Contact_Autopopulate" time="157.837"/>
</testsuite> <!-- com.WS1_0.WS1_0.Verify_Primary_Contact_Autopopulate_Copy -->
