<?xml version="1.0" encoding="UTF-8"?>
<!-- Generated by org.testng.reporters.JUnitReportReporter -->
<testsuite hostname="DESKTOP-OSSFJTV" failures="0" tests="1" name="com.WS1_1.WS1_1.Matching_Product_Name2" time="6.865" errors="0" timestamp="18 Sep 2018 14:10:52 GMT" skipped="0">
  <testcase classname="com.WS1_1.WS1_1.Matching_Product_Name2" name="matching_poduct_name" time="6.865"/>
</testsuite> <!-- com.WS1_1.WS1_1.Matching_Product_Name2 -->
