<?xml version="1.0" encoding="UTF-8"?>
<!-- Generated by org.testng.reporters.JUnitReportReporter -->
<testsuite hostname="DESKTOP-VVNQ9IQ" name="com.GAP.WS1_0.Forms_Exhibitor_AdditionalForms_CC" tests="1" failures="0" timestamp="24 Dec 2018 09:58:58 GMT" time="135.807" errors="0">
  <testcase name="verifyFormsExhibitorAdditionalFormsCustomerCentre" time="135.807" classname="com.GAP.WS1_0.Forms_Exhibitor_AdditionalForms_CC"/>
</testsuite> <!-- com.GAP.WS1_0.Forms_Exhibitor_AdditionalForms_CC -->
