<?xml version="1.0" encoding="UTF-8"?>
<!-- Generated by org.testng.reporters.JUnitReportReporter -->
<testsuite hostname="DESKTOP-OSSFJTV" failures="0" tests="1" name="com.WS1_1.WS1_1.Relationship_Contact" time="104.997" errors="0" timestamp="18 Sep 2018 11:38:42 GMT" skipped="0">
  <testcase classname="com.WS1_1.WS1_1.Relationship_Contact" name="relationship_contact" time="104.997"/>
</testsuite> <!-- com.WS1_1.WS1_1.Relationship_Contact -->
