<?xml version="1.0" encoding="UTF-8"?>
<!-- Generated by org.testng.reporters.JUnitReportReporter -->
<testsuite hostname="DESKTOP-VVNQ9IQ" name="com.GAP.WS1_0.Verify_BrazilUser_Currency_Copy" tests="1" failures="0" timestamp="23 Oct 2018 09:17:50 GMT" time="4.789" errors="0">
  <testcase name="verifyBrazilCurrencyFormat" time="4.789" classname="com.GAP.WS1_0.Verify_BrazilUser_Currency_Copy"/>
</testsuite> <!-- com.GAP.WS1_0.Verify_BrazilUser_Currency_Copy -->
