<?xml version="1.0" encoding="UTF-8"?>
<!-- Generated by org.testng.reporters.JUnitReportReporter -->
<testsuite hostname="DESKTOP-OSSFJTV" failures="0" tests="1" name="com.GAP.WS1_0.Unrent_Booth_Button_Availability" time="1030.631" errors="0" timestamp="28 Nov 2018 14:51:08 GMT" skipped="0">
  <testcase classname="com.GAP.WS1_0.Unrent_Booth_Button_Availability" name="unrent_booth_button_availability" time="1030.631"/>
</testsuite> <!-- com.GAP.WS1_0.Unrent_Booth_Button_Availability -->
