<?xml version="1.0" encoding="UTF-8"?>
<!-- Generated by org.testng.reporters.JUnitReportReporter -->
<testsuite hostname="DESKTOP-OSSFJTV" failures="0" tests="1" name="com.GAP.WS1_0.Merchant_Account_Master" time="55.901" errors="0" timestamp="07 Dec 2018 15:57:02 GMT" skipped="0">
  <testcase classname="com.GAP.WS1_0.Merchant_Account_Master" name="merchant_account_master" time="55.901"/>
</testsuite> <!-- com.GAP.WS1_0.Merchant_Account_Master -->
