<?xml version="1.0" encoding="UTF-8"?>
<!-- Generated by org.testng.reporters.JUnitReportReporter -->
<testsuite hostname="DESKTOP-OSSFJTV" failures="0" tests="1" name="com.WS1_1.WS1_1.OperationAdminLogin" time="122.625" errors="0" timestamp="06 Jul 2018 13:06:22 GMT" skipped="0">
  <testcase classname="com.WS1_1.WS1_1.OperationAdminLogin" name="Operationlogin" time="122.625"/>
</testsuite> <!-- com.WS1_1.WS1_1.OperationAdminLogin -->
