<?xml version="1.0" encoding="UTF-8"?>
<!-- Generated by org.testng.reporters.JUnitReportReporter -->
<testsuite hostname="DESKTOP-VVNQ9IQ" name="com.GAP.WS1_0.PrimaryAccount_Mapped_Activity" tests="1" failures="0" timestamp="28 Nov 2018 13:39:19 GMT" time="197.715" errors="0">
  <testcase name="primaryAccountMapFunctionality" time="197.715" classname="com.GAP.WS1_0.PrimaryAccount_Mapped_Activity"/>
</testsuite> <!-- com.GAP.WS1_0.PrimaryAccount_Mapped_Activity -->
