<?xml version="1.0" encoding="UTF-8"?>
<!-- Generated by org.testng.reporters.JUnitReportReporter -->
<testsuite hostname="DESKTOP-VVNQ9IQ" name="com.GAP.WS1_0.Create_Contact_Opportunity" tests="1" failures="0" timestamp="4 Dec 2018 10:12:46 GMT" time="226.840" errors="0">
  <testcase name="createContactOpportunity" time="226.840" classname="com.GAP.WS1_0.Create_Contact_Opportunity"/>
</testsuite> <!-- com.GAP.WS1_0.Create_Contact_Opportunity -->
