<?xml version="1.0" encoding="UTF-8"?>
<!-- Generated by org.testng.reporters.JUnitReportReporter -->
<testsuite hostname="DESKTOP-VVNQ9IQ" name="com.GAP.WS1_0.Booth_Type_Selection_Order_2" tests="1" failures="0" timestamp="27 Nov 2018 14:28:56 GMT" time="278.034" errors="0">
  <testcase name="verifyBoothSelectionOrder2" time="278.034" classname="com.GAP.WS1_0.Booth_Type_Selection_Order_2"/>
</testsuite> <!-- com.GAP.WS1_0.Booth_Type_Selection_Order_2 -->
