<?xml version="1.0" encoding="UTF-8"?>
<!-- Generated by org.testng.reporters.JUnitReportReporter -->
<testsuite hostname="DESKTOP-VVNQ9IQ" name="com.GAP.WS1_0.Create_Barter_Opportunity" tests="1" failures="0" timestamp="5 Dec 2018 09:26:36 GMT" time="25.632" errors="0">
  <testcase name="createBarterOpportunity" time="25.632" classname="com.GAP.WS1_0.Create_Barter_Opportunity"/>
</testsuite> <!-- com.GAP.WS1_0.Create_Barter_Opportunity -->
