<?xml version="1.0" encoding="UTF-8"?>
<!-- Generated by org.testng.reporters.JUnitReportReporter -->
<testsuite hostname="DESKTOP-OSSFJTV" failures="0" tests="1" name="com.WS1_1.WS1_1.Inactive_Contact" time="77.652" errors="0" timestamp="10 Sep 2018 15:15:58 GMT" skipped="0">
  <testcase classname="com.WS1_1.WS1_1.Inactive_Contact" name="inactive_contact" time="77.652"/>
</testsuite> <!-- com.WS1_1.WS1_1.Inactive_Contact -->
