<?xml version="1.0" encoding="UTF-8"?>
<!-- Generated by org.testng.reporters.JUnitReportReporter -->
<testsuite hostname="DESKTOP-VVNQ9IQ" name="com.GAP.WS1_0.SendEmail_Opportunity" tests="1" failures="0" timestamp="28 Nov 2018 14:14:10 GMT" time="242.194" errors="0">
  <testcase name="verifySendEmailOpportunityFunctionality" time="242.194" classname="com.GAP.WS1_0.SendEmail_Opportunity"/>
</testsuite> <!-- com.GAP.WS1_0.SendEmail_Opportunity -->
