<?xml version="1.0" encoding="UTF-8"?>
<!-- Generated by org.testng.reporters.JUnitReportReporter -->
<testsuite hostname="DESKTOP-OSSFJTV" failures="0" tests="1" name="com.GAP.WS1_0.Booth_Max_Hold_Days" time="251.139" errors="0" timestamp="12 Dec 2018 09:03:36 GMT" skipped="0">
  <testcase classname="com.GAP.WS1_0.Booth_Max_Hold_Days" name="booth_max_hold_days" time="251.139"/>
</testsuite> <!-- com.GAP.WS1_0.Booth_Max_Hold_Days -->
