<?xml version="1.0" encoding="UTF-8"?>
<!-- Generated by org.testng.reporters.JUnitReportReporter -->
<testsuite hostname="DESKTOP-VVNQ9IQ" name="com.GAP.WS1_0.Forms_RequiredForms_Link_CC" tests="1" failures="0" timestamp="19 Dec 2018 11:54:13 GMT" time="362.057" errors="0">
  <testcase name="verifyFormsRequiredFormsCustomerCentre" time="362.057" classname="com.GAP.WS1_0.Forms_RequiredForms_Link_CC"/>
</testsuite> <!-- com.GAP.WS1_0.Forms_RequiredForms_Link_CC -->
