<?xml version="1.0" encoding="UTF-8"?>
<!-- Generated by org.testng.reporters.JUnitReportReporter -->
<testsuite hostname="DESKTOP-VVNQ9IQ" name="com.GAP.WS1_0.Verify_BrazilUser_Currency_Format" tests="1" failures="0" timestamp="28 Nov 2018 11:51:53 GMT" time="804.608" errors="0">
  <testcase name="verifyBrazilCurrencyFormat" time="804.608" classname="com.GAP.WS1_0.Verify_BrazilUser_Currency_Format"/>
</testsuite> <!-- com.GAP.WS1_0.Verify_BrazilUser_Currency_Format -->
