<?xml version="1.0" encoding="UTF-8"?>
<!-- Generated by org.testng.reporters.JUnitReportReporter -->
<testsuite hostname="DESKTOP-VVNQ9IQ" name="com.GAP.WS1_0.Create_Related_Opportunity_Validation" tests="1" failures="0" timestamp="3 Dec 2018 14:03:52 GMT" time="752.161" errors="0">
  <testcase name="verifyCreateRelatedOpportunityValidation" time="752.161" classname="com.GAP.WS1_0.Create_Related_Opportunity_Validation"/>
</testsuite> <!-- com.GAP.WS1_0.Create_Related_Opportunity_Validation -->
