<?xml version="1.0" encoding="UTF-8"?>
<!-- Generated by org.testng.reporters.JUnitReportReporter -->
<testsuite hostname="DESKTOP-VVNQ9IQ" name="com.GAP.WS1_0.Booth_Type_Selection_Order_1" tests="1" failures="0" timestamp="27 Nov 2018 14:14:02 GMT" time="383.574" errors="0">
  <testcase name="verifyBoothSelectionOrder1" time="383.574" classname="com.GAP.WS1_0.Booth_Type_Selection_Order_1"/>
</testsuite> <!-- com.GAP.WS1_0.Booth_Type_Selection_Order_1 -->
