<?xml version="1.0" encoding="UTF-8"?>
<!-- Generated by org.testng.reporters.JUnitReportReporter -->
<testsuite hostname="DESKTOP-OSSFJTV" failures="0" tests="1" name="com.WS1_0.WS1_0.create_contact_copy" time="98.981" errors="0" timestamp="25 Sep 2018 07:16:53 GMT" skipped="0">
  <testcase classname="com.WS1_0.WS1_0.create_contact_copy" name="Create_Contact_Copy" time="98.981"/>
</testsuite> <!-- com.WS1_0.WS1_0.create_contact_copy -->
