<?xml version="1.0" encoding="UTF-8"?>
<!-- Generated by org.testng.reporters.JUnitReportReporter -->
<testsuite hostname="DESKTOP-OSSFJTV" failures="0" tests="1" name="com.GAP.WS1_0.Verify_SSC_Dashboard_Address" time="119.749" errors="0" timestamp="30 Nov 2018 07:16:01 GMT" skipped="0">
  <testcase classname="com.GAP.WS1_0.Verify_SSC_Dashboard_Address" name="verify_ssc_dashboard_address" time="119.749"/>
</testsuite> <!-- com.GAP.WS1_0.Verify_SSC_Dashboard_Address -->
