<?xml version="1.0" encoding="UTF-8"?>
<!-- Generated by org.testng.reporters.JUnitReportReporter -->
<testsuite hostname="DESKTOP-OSSFJTV" failures="0" tests="1" name="com.WS1_1.WS1_1.Auto_Send_Contract_Validation" time="162.415" errors="0" timestamp="19 Sep 2018 07:31:13 GMT" skipped="0">
  <testcase classname="com.WS1_1.WS1_1.Auto_Send_Contract_Validation" name="auto_send_contract_validation" time="162.415"/>
</testsuite> <!-- com.WS1_1.WS1_1.Auto_Send_Contract_Validation -->
