<?xml version="1.0" encoding="UTF-8"?>
<!-- Generated by org.testng.reporters.JUnitReportReporter -->
<testsuite hostname="DESKTOP-VVNQ9IQ" name="com.GAP.WS1_0.Verify_BrazilUser_Address_Format" tests="1" failures="0" timestamp="28 Nov 2018 11:27:24 GMT" time="435.028" errors="0">
  <testcase name="verifyBrazilAddressFormat" time="435.028" classname="com.GAP.WS1_0.Verify_BrazilUser_Address_Format"/>
</testsuite> <!-- com.GAP.WS1_0.Verify_BrazilUser_Address_Format -->
