<?xml version="1.0" encoding="UTF-8"?>
<!-- Generated by org.testng.reporters.JUnitReportReporter -->
<testsuite hostname="DESKTOP-VVNQ9IQ" name="com.GAP.WS1_0.Opportunity_Currency_Change" tests="1" failures="0" timestamp="20 Nov 2018 12:59:57 GMT" time="345.216" errors="0">
  <testcase name="verifyOpportunityCurrencyChangeFunctionality" time="345.216" classname="com.GAP.WS1_0.Opportunity_Currency_Change"/>
</testsuite> <!-- com.GAP.WS1_0.Opportunity_Currency_Change -->
