<?xml version="1.0" encoding="UTF-8"?>
<!-- Generated by org.testng.reporters.JUnitReportReporter -->
<testsuite hostname="DESKTOP-OSSFJTV" failures="0" tests="1" name="com.WS1_1.WS1_1.Resubmit_Accounting_Approval" time="74.013" errors="0" timestamp="17 Sep 2018 09:47:12 GMT" skipped="0">
  <testcase classname="com.WS1_1.WS1_1.Resubmit_Accounting_Approval" name="contact_from_opp_quote" time="74.013"/>
</testsuite> <!-- com.WS1_1.WS1_1.Resubmit_Accounting_Approval -->
