<?xml version="1.0" encoding="UTF-8"?>
<!-- Generated by org.testng.reporters.JUnitReportReporter -->
<testsuite hostname="DESKTOP-OSSFJTV" failures="0" tests="1" name="com.WS1_1.WS1_1.Billing_Contact_relection_on_Quote" time="147.789" errors="0" timestamp="12 Sep 2018 10:29:13 GMT" skipped="0">
  <testcase classname="com.WS1_1.WS1_1.Billing_Contact_relection_on_Quote" name="billing_contact_relection_on_quote" time="147.789"/>
</testsuite> <!-- com.WS1_1.WS1_1.Billing_Contact_relection_on_Quote -->
