<?xml version="1.0" encoding="UTF-8"?>
<!-- Generated by org.testng.reporters.JUnitReportReporter -->
<testsuite hostname="DESKTOP-VVNQ9IQ" name="com.GAP.WS1_0.Create_Lead_Sales" tests="1" failures="0" timestamp="3 Oct 2018 08:23:07 GMT" time="328.424" errors="0">
  <testcase name="CreateLeadSales" time="328.424" classname="com.GAP.WS1_0.Create_Lead_Sales"/>
</testsuite> <!-- com.GAP.WS1_0.Create_Lead_Sales -->
