<?xml version="1.0" encoding="UTF-8"?>
<!-- Generated by org.testng.reporters.JUnitReportReporter -->
<testsuite hostname="DESKTOP-OSSFJTV" failures="0" tests="1" name="com.WS1_0.WS1_0.Enter_Taxid_Copy" time="75.337" errors="0" timestamp="26 Sep 2018 15:10:51 GMT" skipped="0">
  <testcase classname="com.WS1_0.WS1_0.Enter_Taxid_Copy" name="Enter_TaxId" time="75.337"/>
</testsuite> <!-- com.WS1_0.WS1_0.Enter_Taxid_Copy -->
