<?xml version="1.0" encoding="UTF-8"?>
<!-- Generated by org.testng.reporters.JUnitReportReporter -->
<testsuite hostname="DESKTOP-OSSFJTV" failures="0" tests="1" name="com.GAP.WS1_0.Relationship_Contact_Testwrite" time="27.269" errors="0" timestamp="27 Sep 2018 15:36:14 GMT" skipped="0">
  <testcase classname="com.GAP.WS1_0.Relationship_Contact_Testwrite" name="Relationship_Contact" time="27.269"/>
</testsuite> <!-- com.GAP.WS1_0.Relationship_Contact_Testwrite -->
