<?xml version="1.0" encoding="UTF-8"?>
<!-- Generated by org.testng.reporters.JUnitReportReporter -->
<testsuite hostname="DESKTOP-OSSFJTV" failures="0" tests="1" name="com.GAP.WS1_0.Create_Lead" time="400.300" errors="0" timestamp="29 Nov 2018 13:48:02 GMT" skipped="0">
  <testcase classname="com.GAP.WS1_0.Create_Lead" name="CreateLeadSales" time="400.300"/>
</testsuite> <!-- com.GAP.WS1_0.Create_Lead -->
