<?xml version="1.0" encoding="UTF-8"?>
<!-- Generated by org.testng.reporters.JUnitReportReporter -->
<testsuite hostname="DESKTOP-OSSFJTV" failures="0" tests="1" name="com.GAP.WS1_0.Booth_Rent_Stage_On_Payment2" time="663.716" errors="0" timestamp="28 Nov 2018 13:44:24 GMT" skipped="0">
  <testcase classname="com.GAP.WS1_0.Booth_Rent_Stage_On_Payment2" name="booth_rent_stage_on_payment2" time="663.716"/>
</testsuite> <!-- com.GAP.WS1_0.Booth_Rent_Stage_On_Payment2 -->
