<?xml version="1.0" encoding="UTF-8"?>
<!-- Generated by org.testng.reporters.JUnitReportReporter -->
<testsuite hostname="DESKTOP-OSSFJTV" failures="0" tests="1" name="com.GAP.WS1_0.Matching_Product_Name_Copy" time="476.538" errors="0" timestamp="08 Oct 2018 14:48:39 GMT" skipped="0">
  <testcase classname="com.GAP.WS1_0.Matching_Product_Name_Copy" name="matching_poduct_name" time="476.538"/>
</testsuite> <!-- com.GAP.WS1_0.Matching_Product_Name_Copy -->
