<?xml version="1.0" encoding="UTF-8"?>
<!-- Generated by org.testng.reporters.JUnitReportReporter -->
<testsuite hostname="DESKTOP-OSSFJTV" failures="0" tests="1" name="com.WS1_1.WS1_1.Credit_Hold" time="223.921" errors="0" timestamp="19 Sep 2018 10:59:00 GMT" skipped="0">
  <testcase classname="com.WS1_1.WS1_1.Credit_Hold" name="credit_hold" time="223.921"/>
</testsuite> <!-- com.WS1_1.WS1_1.Credit_Hold -->
