<?xml version="1.0" encoding="UTF-8"?>
<!-- Generated by org.testng.reporters.JUnitReportReporter -->
<testsuite hostname="DESKTOP-VVNQ9IQ" name="com.GAP.WS1_0.Forms_RequiredForms_DownloadablePDF_CC" tests="1" failures="0" timestamp="19 Dec 2018 11:44:29 GMT" time="368.011" errors="0">
  <testcase name="verifyFormsRequiredFormsCustomerCentre" time="368.011" classname="com.GAP.WS1_0.Forms_RequiredForms_DownloadablePDF_CC"/>
</testsuite> <!-- com.GAP.WS1_0.Forms_RequiredForms_DownloadablePDF_CC -->
