<?xml version="1.0" encoding="UTF-8"?>
<!-- Generated by org.testng.reporters.JUnitReportReporter -->
<testsuite hostname="DESKTOP-OSSFJTV" failures="0" tests="1" name="com.WS1_1.WS1_1.Create_Contact" time="100.418" errors="0" timestamp="20 Sep 2018 07:45:03 GMT" skipped="0">
  <testcase classname="com.WS1_1.WS1_1.Create_Contact" name="Create_contact" time="100.418"/>
</testsuite> <!-- com.WS1_1.WS1_1.Create_Contact -->
