<?xml version="1.0" encoding="UTF-8"?>
<!-- Generated by org.testng.reporters.JUnitReportReporter -->
<testsuite hostname="DESKTOP-OSSFJTV" failures="0" tests="1" name="com.GAP.WS1_0.Booth_Rent_Stage_On_Payment" time="294.991" errors="0" timestamp="28 Nov 2018 13:24:54 GMT" skipped="0">
  <testcase classname="com.GAP.WS1_0.Booth_Rent_Stage_On_Payment" name="booth_rent_stage_on_payment" time="294.991"/>
</testsuite> <!-- com.GAP.WS1_0.Booth_Rent_Stage_On_Payment -->
