<?xml version="1.0" encoding="UTF-8"?>
<!-- Generated by org.testng.reporters.JUnitReportReporter -->
<testsuite hostname="DESKTOP-VVNQ9IQ" name="com.GAP.WS1_0.Contact_Form_Opp_And_Quote" tests="1" failures="0" timestamp="28 Nov 2018 08:40:48 GMT" time="341.767" errors="0">
  <testcase name="verifyContactFormOppAndQuote" time="341.767" classname="com.GAP.WS1_0.Contact_Form_Opp_And_Quote"/>
</testsuite> <!-- com.GAP.WS1_0.Contact_Form_Opp_And_Quote -->
