<?xml version="1.0" encoding="UTF-8"?>
<!-- Generated by org.testng.reporters.JUnitReportReporter -->
<testsuite hostname="DESKTOP-OSSFJTV" failures="0" tests="1" name="com.GAP.WS1_0.Booth_Description" time="517.057" errors="0" timestamp="28 Nov 2018 14:17:21 GMT" skipped="0">
  <testcase classname="com.GAP.WS1_0.Booth_Description" name="booth_description" time="517.057"/>
</testsuite> <!-- com.GAP.WS1_0.Booth_Description -->
