<?xml version="1.0" encoding="UTF-8"?>
<!-- Generated by org.testng.reporters.JUnitReportReporter -->
<testsuite hostname="DESKTOP-OSSFJTV" failures="0" tests="1" name="com.GAP.WS1_0.Booth_Test" time="28.513" errors="0" timestamp="07 Dec 2018 08:32:15 GMT" skipped="0">
  <testcase classname="com.GAP.WS1_0.Booth_Test" name="notes_rollup" time="28.513"/>
</testsuite> <!-- com.GAP.WS1_0.Booth_Test -->
