<?xml version="1.0" encoding="UTF-8"?>
<!-- Generated by org.testng.reporters.JUnitReportReporter -->
<testsuite hostname="DESKTOP-OSSFJTV" failures="0" tests="1" name="com.GAP.WS1_0.Enter_Taxid_Copy" time="3.519" errors="0" timestamp="01 Oct 2018 11:17:28 GMT" skipped="0">
  <testcase classname="com.GAP.WS1_0.Enter_Taxid_Copy" name="Enter_TaxId" time="3.519"/>
</testsuite> <!-- com.GAP.WS1_0.Enter_Taxid_Copy -->
