<?xml version="1.0" encoding="UTF-8"?>
<!-- Generated by org.testng.reporters.JUnitReportReporter -->
<testsuite hostname="DESKTOP-VVNQ9IQ" name="com.GAP.WS1_0.Attachement_After_ClosedWon" tests="1" failures="0" timestamp="13 Nov 2018 10:16:09 GMT" time="90.322" errors="0">
  <testcase name="verifyAttachementAfterClosedWonFunctionality" time="90.322" classname="com.GAP.WS1_0.Attachement_After_ClosedWon"/>
</testsuite> <!-- com.GAP.WS1_0.Attachement_After_ClosedWon -->
