<?xml version="1.0" encoding="UTF-8"?>
<!-- Generated by org.testng.reporters.JUnitReportReporter -->
<testsuite hostname="DESKTOP-VVNQ9IQ" name="com.GAP.WS1_0.Change_Opportunity_Owner_Sales_Rep" tests="1" failures="0" timestamp="20 Nov 2018 12:36:15 GMT" time="614.037" errors="0">
  <testcase name="changeOpportunityOwnerQuoteSalesRep" time="614.037" classname="com.GAP.WS1_0.Change_Opportunity_Owner_Sales_Rep"/>
</testsuite> <!-- com.GAP.WS1_0.Change_Opportunity_Owner_Sales_Rep -->
