<?xml version="1.0" encoding="UTF-8"?>
<!-- Generated by org.testng.reporters.JUnitReportReporter -->
<testsuite hostname="DESKTOP-VVNQ9IQ" name="com.GAP.WS1_0.Quote_Picklist" tests="1" failures="0" timestamp="20 Nov 2018 13:27:22 GMT" time="217.887" errors="0">
  <testcase name="verifyQuotePicklistFunctionality" time="217.887" classname="com.GAP.WS1_0.Quote_Picklist"/>
</testsuite> <!-- com.GAP.WS1_0.Quote_Picklist -->
