<?xml version="1.0" encoding="UTF-8"?>
<!-- Generated by org.testng.reporters.JUnitReportReporter -->
<testsuite hostname="DESKTOP-OSSFJTV" failures="0" tests="1" name="com.WS1_1.WS1_1.GlobalFormTemplate" time="77.748" errors="0" timestamp="28 Aug 2018 09:13:15 GMT" skipped="0">
  <testcase classname="com.WS1_1.WS1_1.GlobalFormTemplate" name="Operationlogin" time="77.748"/>
</testsuite> <!-- com.WS1_1.WS1_1.GlobalFormTemplate -->
