<?xml version="1.0" encoding="UTF-8"?>
<!-- Generated by org.testng.reporters.JUnitReportReporter -->
<testsuite hostname="DESKTOP-OSSFJTV" failures="0" tests="1" name="com.WS1_1.WS1_1.OperationAdmin_Forms" time="106.545" errors="0" timestamp="24 Aug 2018 15:06:43 GMT" skipped="0">
  <testcase classname="com.WS1_1.WS1_1.OperationAdmin_Forms" name="Operationlogin" time="106.545"/>
</testsuite> <!-- com.WS1_1.WS1_1.OperationAdmin_Forms -->
