<?xml version="1.0" encoding="UTF-8"?>
<!-- Generated by org.testng.reporters.JUnitReportReporter -->
<testsuite hostname="DESKTOP-OSSFJTV" failures="0" tests="1" name="com.WS1_1.WS1_1.OperationAdmin_Manual" time="136.180" errors="0" timestamp="30 Aug 2018 09:09:44 GMT" skipped="0">
  <testcase classname="com.WS1_1.WS1_1.OperationAdmin_Manual" name="Operationlogin" time="136.180"/>
</testsuite> <!-- com.WS1_1.WS1_1.OperationAdmin_Manual -->
