<?xml version="1.0" encoding="UTF-8"?>
<!-- Generated by org.testng.reporters.JUnitReportReporter -->
<testsuite hostname="DESKTOP-VVNQ9IQ" name="com.GAP.WS1_0.Booth" tests="1" failures="0" timestamp="23 Oct 2018 09:56:22 GMT" time="241.520" errors="0">
  <testcase name="createBooth" time="241.520" classname="com.GAP.WS1_0.Booth"/>
</testsuite> <!-- com.GAP.WS1_0.Booth -->
