<?xml version="1.0" encoding="UTF-8"?>
<!-- Generated by org.testng.reporters.JUnitReportReporter -->
<testsuite hostname="DESKTOP-VVNQ9IQ" name="com.GAP.WS1_0.Manual_Contract_Viewable" tests="1" failures="0" timestamp="11 Oct 2018 08:37:36 GMT" time="385.457" errors="0">
  <testcase name="verifyManualContractViewableFunctionality" time="385.457" classname="com.GAP.WS1_0.Manual_Contract_Viewable"/>
</testsuite> <!-- com.GAP.WS1_0.Manual_Contract_Viewable -->
