<?xml version="1.0" encoding="UTF-8"?>
<!-- Generated by org.testng.reporters.JUnitReportReporter -->
<testsuite hostname="DESKTOP-OSSFJTV" failures="0" tests="1" name="com.GAP.WS1_0.SSC_Add_Team_Member" time="3.520" errors="0" timestamp="29 Nov 2018 15:44:41 GMT" skipped="0">
  <testcase classname="com.GAP.WS1_0.SSC_Add_Team_Member" name="ssc_add_team_member" time="3.520"/>
</testsuite> <!-- com.GAP.WS1_0.SSC_Add_Team_Member -->
