<?xml version="1.0" encoding="UTF-8"?>
<!-- Generated by org.testng.reporters.JUnitReportReporter -->
<testsuite hostname="DESKTOP-OSSFJTV" failures="0" tests="1" name="com.WS1_0.WS1_0.Billing_Contact_reflection_on_Quote_Copy" time="177.295" errors="0" timestamp="26 Sep 2018 07:16:04 GMT" skipped="0">
  <testcase classname="com.WS1_0.WS1_0.Billing_Contact_reflection_on_Quote_Copy" name="Billing_Contact_Reflection_on_Quote" time="177.295"/>
</testsuite> <!-- com.WS1_0.WS1_0.Billing_Contact_reflection_on_Quote_Copy -->
