<?xml version="1.0" encoding="UTF-8"?>
<!-- Generated by org.testng.reporters.JUnitReportReporter -->
<testsuite hostname="DESKTOP-VVNQ9IQ" name="com.GAP.WS1_0.ReadPDFFile" tests="1" failures="0" timestamp="6 Nov 2018 10:56:08 GMT" time="533.343" errors="0">
  <testcase name="FilegetLatestFilefromDir" time="533.343" classname="com.GAP.WS1_0.ReadPDFFile"/>
</testsuite> <!-- com.GAP.WS1_0.ReadPDFFile -->
