<?xml version="1.0" encoding="UTF-8"?>
<!-- Generated by org.testng.reporters.JUnitReportReporter -->
<testsuite hostname="DESKTOP-VVNQ9IQ" name="com.GAP.WS1_0.Forms_Reports_CC" tests="1" failures="0" timestamp="26 Dec 2018 12:15:20 GMT" time="573.653" errors="0">
  <testcase name="verifyFormsReportsCustomerCentre" time="573.653" classname="com.GAP.WS1_0.Forms_Reports_CC"/>
</testsuite> <!-- com.GAP.WS1_0.Forms_Reports_CC -->
