<?xml version="1.0" encoding="UTF-8"?>
<!-- Generated by org.testng.reporters.JUnitReportReporter -->
<testsuite hostname="DESKTOP-OSSFJTV" failures="0" tests="1" name="com.WS1_0.WS1_0.Verify_Billing_Contact_Copy" time="175.105" errors="0" timestamp="25 Sep 2018 09:24:34 GMT" skipped="0">
  <testcase classname="com.WS1_0.WS1_0.Verify_Billing_Contact_Copy" name="verify_billing_contact" time="175.105"/>
</testsuite> <!-- com.WS1_0.WS1_0.Verify_Billing_Contact_Copy -->
