<?xml version="1.0" encoding="UTF-8"?>
<!-- Generated by org.testng.reporters.JUnitReportReporter -->
<testsuite hostname="DESKTOP-OSSFJTV" failures="0" tests="1" name="com.WS1_1.WS1_1.StandContractor" time="92.859" errors="0" timestamp="28 Aug 2018 14:14:50 GMT" skipped="0">
  <testcase classname="com.WS1_1.WS1_1.StandContractor" name="Operationlogin" time="92.859"/>
</testsuite> <!-- com.WS1_1.WS1_1.StandContractor -->
