<?xml version="1.0" encoding="UTF-8"?>
<!-- Generated by org.testng.reporters.JUnitReportReporter -->
<testsuite hostname="DESKTOP-VVNQ9IQ" name="com.GAP.WS1_0.Skuid_BP_Number" tests="1" failures="0" timestamp="16 Oct 2018 08:32:08 GMT" time="84.265" errors="0">
  <testcase name="verifyManualProcessFunctionality" time="84.265" classname="com.GAP.WS1_0.Skuid_BP_Number"/>
</testsuite> <!-- com.GAP.WS1_0.Skuid_BP_Number -->
