<?xml version="1.0" encoding="UTF-8"?>
<!-- Generated by org.testng.reporters.JUnitReportReporter -->
<testsuite hostname="DESKTOP-OSSFJTV" failures="0" tests="1" name="com.WS1_1.WS1_1.Create_Partner" time="90.254" errors="0" timestamp="19 Sep 2018 11:24:54 GMT" skipped="0">
  <testcase classname="com.WS1_1.WS1_1.Create_Partner" name="create_partner" time="90.254"/>
</testsuite> <!-- com.WS1_1.WS1_1.Create_Partner -->
