<?xml version="1.0" encoding="UTF-8"?>
<!-- Generated by org.testng.reporters.JUnitReportReporter -->
<testsuite hostname="DESKTOP-OSSFJTV" failures="0" tests="1" name="com.GAP.WS1_0.Create_New_Opportunity" time="165.451" errors="0" timestamp="12 Oct 2018 23:03:33 GMT" skipped="0">
  <testcase classname="com.GAP.WS1_0.Create_New_Opportunity" name="createNewOpportunity" time="165.451"/>
</testsuite> <!-- com.GAP.WS1_0.Create_New_Opportunity -->
