<?xml version="1.0" encoding="UTF-8"?>
<!-- Generated by org.testng.reporters.JUnitReportReporter -->
<testsuite hostname="DESKTOP-OSSFJTV" failures="0" tests="1" name="com.WS1_1.WS1_1.Billing_Contact_reflection_on_Quote" time="137.600" errors="0" timestamp="17 Sep 2018 08:39:44 GMT" skipped="0">
  <testcase classname="com.WS1_1.WS1_1.Billing_Contact_reflection_on_Quote" name="billing_contact_reflection_on_quote" time="137.600"/>
</testsuite> <!-- com.WS1_1.WS1_1.Billing_Contact_reflection_on_Quote -->
