<?xml version="1.0" encoding="UTF-8"?>
<!-- Generated by org.testng.reporters.JUnitReportReporter -->
<testsuite hostname="DESKTOP-OSSFJTV" failures="0" tests="1" name="com.GAP.WS1_0.From_Email" time="308.856" errors="0" timestamp="28 Nov 2018 09:26:11 GMT" skipped="0">
  <testcase classname="com.GAP.WS1_0.From_Email" name="Send_Mail" time="308.856"/>
</testsuite> <!-- com.GAP.WS1_0.From_Email -->
