<?xml version="1.0" encoding="UTF-8"?>
<!-- Generated by org.testng.reporters.JUnitReportReporter -->
<testsuite hostname="DESKTOP-OSSFJTV" failures="0" tests="1" name="com.GAP.WS1_0.Booth_Rent_Stage_On_Contract" time="100.791" errors="0" timestamp="07 Dec 2018 15:34:35 GMT" skipped="0">
  <testcase classname="com.GAP.WS1_0.Booth_Rent_Stage_On_Contract" name="booth_rent_stage_on_payment" time="100.791"/>
</testsuite> <!-- com.GAP.WS1_0.Booth_Rent_Stage_On_Contract -->
