<?xml version="1.0" encoding="UTF-8"?>
<!-- Generated by org.testng.reporters.JUnitReportReporter -->
<testsuite hostname="DESKTOP-OSSFJTV" failures="0" tests="1" name="com.WS1_1.WS1_1.CNPJ_Field_Format" time="87.767" errors="0" timestamp="19 Sep 2018 11:07:08 GMT" skipped="0">
  <testcase classname="com.WS1_1.WS1_1.CNPJ_Field_Format" name="cnpj_field_format" time="87.767"/>
</testsuite> <!-- com.WS1_1.WS1_1.CNPJ_Field_Format -->
