<?xml version="1.0" encoding="UTF-8"?>
<!-- Generated by org.testng.reporters.JUnitReportReporter -->
<testsuite skipped="0" hostname="DESKTOP-VVNQ9IQ" name="com.GAP.WS1_0.Forms_QuickViewAndManualPermissions_CC" tests="1" failures="0" timestamp="31 Dec 2018 08:15:11 GMT" time="278.632" errors="0">
  <testcase name="verifyFormsQuickViewAndManualPermissionsCustomerCentre" time="278.632" classname="com.GAP.WS1_0.Forms_QuickViewAndManualPermissions_CC"/>
</testsuite> <!-- com.GAP.WS1_0.Forms_QuickViewAndManualPermissions_CC -->
