<?xml version="1.0" encoding="UTF-8"?>
<!-- Generated by org.testng.reporters.JUnitReportReporter -->
<testsuite hostname="DESKTOP-OSSFJTV" failures="0" tests="1" name="com.WS1_1.WS1_1.Quote_Contact_not_Editable" time="287.493" errors="0" timestamp="17 Sep 2018 08:19:16 GMT" skipped="0">
  <testcase classname="com.WS1_1.WS1_1.Quote_Contact_not_Editable" name="quote_contact_not_editable" time="287.493"/>
</testsuite> <!-- com.WS1_1.WS1_1.Quote_Contact_not_Editable -->
