<?xml version="1.0" encoding="UTF-8"?>
<!-- Generated by org.testng.reporters.JUnitReportReporter -->
<testsuite hostname="DESKTOP-OSSFJTV" failures="0" tests="1" name="com.GAP.WS1_0.Copy_Address" time="97.984" errors="0" timestamp="28 Nov 2018 09:30:40 GMT" skipped="0">
  <testcase classname="com.GAP.WS1_0.Copy_Address" name="copy_address" time="97.984"/>
</testsuite> <!-- com.GAP.WS1_0.Copy_Address -->
