<?xml version="1.0" encoding="UTF-8"?>
<!-- Generated by org.testng.reporters.JUnitReportReporter -->
<testsuite hostname="DESKTOP-OSSFJTV" failures="0" tests="1" name="com.GAP.WS1_0.Non_Billing_Events" time="65.163" errors="0" timestamp="07 Dec 2018 13:43:45 GMT" skipped="0">
  <testcase classname="com.GAP.WS1_0.Non_Billing_Events" name="booth_rent_stage_on_payment" time="65.163"/>
</testsuite> <!-- com.GAP.WS1_0.Non_Billing_Events -->
