<?xml version="1.0" encoding="UTF-8"?>
<!-- Generated by org.testng.reporters.JUnitReportReporter -->
<testsuite hostname="DESKTOP-VVNQ9IQ" name="com.GAP.WS1_0.Manual_Process_Functionality" tests="1" failures="0" timestamp="28 Nov 2018 09:18:58 GMT" time="496.406" errors="0">
  <testcase name="verifyManualProcessFunctionality" time="496.406" classname="com.GAP.WS1_0.Manual_Process_Functionality"/>
</testsuite> <!-- com.GAP.WS1_0.Manual_Process_Functionality -->
