<?xml version="1.0" encoding="UTF-8"?>
<!-- Generated by org.testng.reporters.JUnitReportReporter -->
<testsuite hostname="DESKTOP-OSSFJTV" failures="0" tests="1" name="com.WS1_1.WS1_1.Looser_Account" time="83.689" errors="0" timestamp="14 Sep 2018 10:03:33 GMT" skipped="0">
  <testcase classname="com.WS1_1.WS1_1.Looser_Account" name="looser_account" time="83.689"/>
</testsuite> <!-- com.WS1_1.WS1_1.Looser_Account -->
