<?xml version="1.0" encoding="UTF-8"?>
<!-- Generated by org.testng.reporters.JUnitReportReporter -->
<testsuite hostname="DESKTOP-OSSFJTV" failures="0" tests="1" name="com.WS1_0.WS1_0.Partner_Account_Billing_Contact_Copy" time="282.619" errors="0" timestamp="25 Sep 2018 13:57:30 GMT" skipped="0">
  <testcase classname="com.WS1_0.WS1_0.Partner_Account_Billing_Contact_Copy" name="Partner_Account_Billing_Contact" time="282.619"/>
</testsuite> <!-- com.WS1_0.WS1_0.Partner_Account_Billing_Contact_Copy -->
