<?xml version="1.0" encoding="UTF-8"?>
<!-- Generated by org.testng.reporters.JUnitReportReporter -->
<testsuite hostname="DESKTOP-OSSFJTV" failures="0" tests="1" name="com.GAP.WS1_0.Quote_Contact_not_Editable_Copy" time="306.486" errors="0" timestamp="28 Sep 2018 16:07:05 GMT" skipped="0">
  <testcase classname="com.GAP.WS1_0.Quote_Contact_not_Editable_Copy" name="Quote_Contact_not_Editable" time="306.486"/>
</testsuite> <!-- com.GAP.WS1_0.Quote_Contact_not_Editable_Copy -->
