<?xml version="1.0" encoding="UTF-8"?>
<!-- Generated by org.testng.reporters.JUnitReportReporter -->
<testsuite hostname="DESKTOP-VVNQ9IQ" name="com.GAP.WS1_0.Forms_Permissions_CC" tests="1" failures="0" timestamp="18 Dec 2018 13:44:02 GMT" time="78.600" errors="0">
  <testcase name="verifyFormsPermissionsCustomerCentre" time="78.600" classname="com.GAP.WS1_0.Forms_Permissions_CC"/>
</testsuite> <!-- com.GAP.WS1_0.Forms_Permissions_CC -->
