<?xml version="1.0" encoding="UTF-8"?>
<!-- Generated by org.testng.reporters.JUnitReportReporter -->
<testsuite hostname="DESKTOP-OSSFJTV" failures="0" tests="1" name="com.GAP.WS1_0.Relationship_Contact" time="404.923" errors="0" timestamp="28 Nov 2018 09:07:54 GMT" skipped="0">
  <testcase classname="com.GAP.WS1_0.Relationship_Contact" name="Relationship_Contact" time="404.923"/>
</testsuite> <!-- com.GAP.WS1_0.Relationship_Contact -->
