<?xml version="1.0" encoding="UTF-8"?>
<!-- Generated by org.testng.reporters.JUnitReportReporter -->
<testsuite hostname="DESKTOP-OSSFJTV" failures="0" tests="1" name="com.WS1_0.WS1_0.Contact_from_Opp_Quote" time="229.922" errors="0" timestamp="25 Sep 2018 15:09:51 GMT" skipped="0">
  <testcase classname="com.WS1_0.WS1_0.Contact_from_Opp_Quote" name="Contact_from_Opp_Quote" time="229.922"/>
</testsuite> <!-- com.WS1_0.WS1_0.Contact_from_Opp_Quote -->
