<?xml version="1.0" encoding="UTF-8"?>
<!-- Generated by org.testng.reporters.JUnitReportReporter -->
<testsuite hostname="DESKTOP-OSSFJTV" failures="0" tests="1" name="com.GAP.WS1_0.Business_Partner_Information" time="106.934" errors="0" timestamp="28 Nov 2018 08:26:53 GMT" skipped="0">
  <testcase classname="com.GAP.WS1_0.Business_Partner_Information" name="business_Partner_Information" time="106.934"/>
</testsuite> <!-- com.GAP.WS1_0.Business_Partner_Information -->
