<?xml version="1.0" encoding="UTF-8"?>
<!-- Generated by org.testng.reporters.JUnitReportReporter -->
<testsuite hostname="DESKTOP-OSSFJTV" failures="0" tests="1" name="com.WS1_1.WS1_1.CommunityUserLogin" time="30.551" errors="0" timestamp="11 Jul 2018 07:53:13 GMT" skipped="0">
  <testcase classname="com.WS1_1.WS1_1.CommunityUserLogin" name="Communitylogin" time="30.551"/>
</testsuite> <!-- com.WS1_1.WS1_1.CommunityUserLogin -->
