<?xml version="1.0" encoding="UTF-8"?>
<!-- Generated by org.testng.reporters.JUnitReportReporter -->
<testsuite hostname="DESKTOP-VVNQ9IQ" name="com.GAP.WS1_0.Conga_Contract_Start_Date" tests="1" failures="0" timestamp="28 Nov 2018 08:20:45 GMT" time="920.828" errors="0">
  <testcase name="congaContractStartDate" time="920.828" classname="com.GAP.WS1_0.Conga_Contract_Start_Date"/>
</testsuite> <!-- com.GAP.WS1_0.Conga_Contract_Start_Date -->
