<?xml version="1.0" encoding="UTF-8"?>
<!-- Generated by org.testng.reporters.JUnitReportReporter -->
<testsuite hostname="DESKTOP-OSSFJTV" failures="0" tests="1" name="com.GAP.WS1_0.Verify_Booth_Details" time="435.274" errors="0" timestamp="20 Nov 2018 12:11:01 GMT" skipped="0">
  <testcase classname="com.GAP.WS1_0.Verify_Booth_Details" name="verify_booth_details" time="435.274"/>
</testsuite> <!-- com.GAP.WS1_0.Verify_Booth_Details -->
