<?xml version="1.0" encoding="UTF-8"?>
<!-- Generated by org.testng.reporters.JUnitReportReporter -->
<testsuite hostname="DESKTOP-VVNQ9IQ" name="com.GAP.WS1_0.Bill_Account_Order_Partner_Account" tests="1" failures="0" timestamp="20 Nov 2018 15:49:24 GMT" time="1348.960" errors="0">
  <testcase name="verifyBillPartnerAccount" time="1348.960" classname="com.GAP.WS1_0.Bill_Account_Order_Partner_Account"/>
</testsuite> <!-- com.GAP.WS1_0.Bill_Account_Order_Partner_Account -->
