<?xml version="1.0" encoding="UTF-8"?>
<!-- Generated by org.testng.reporters.JUnitReportReporter -->
<testsuite hostname="DESKTOP-OSSFJTV" failures="0" tests="1" name="com.GAP.WS1_0.Order_NotActivated_FOC_Quotes" time="1423.296" errors="0" timestamp="26 Nov 2018 12:44:56 GMT" skipped="0">
  <testcase classname="com.GAP.WS1_0.Order_NotActivated_FOC_Quotes" name="verifyOrderNotActivatedFOCQuotes" time="1423.296"/>
</testsuite> <!-- com.GAP.WS1_0.Order_NotActivated_FOC_Quotes -->
