<?xml version="1.0" encoding="UTF-8"?>
<!-- Generated by org.testng.reporters.JUnitReportReporter -->
<testsuite hostname="DESKTOP-VVNQ9IQ" name="com.GAP.WS1_0.Purchase_Order_Number" tests="1" failures="0" timestamp="20 Nov 2018 13:27:22 GMT" time="365.675" errors="0">
  <testcase name="verifyPurchaseOrderNumberFunctionality" time="365.675" classname="com.GAP.WS1_0.Purchase_Order_Number"/>
</testsuite> <!-- com.GAP.WS1_0.Purchase_Order_Number -->
