<?xml version="1.0" encoding="UTF-8"?>
<!-- Generated by org.testng.reporters.JUnitReportReporter -->
<testsuite hostname="DESKTOP-VVNQ9IQ" name="com.GAP.WS1_0.Validation_Quote" tests="1" failures="0" timestamp="28 Nov 2018 10:15:39 GMT" time="305.855" errors="0">
  <testcase name="validationQuoteFunctionality" time="305.855" classname="com.GAP.WS1_0.Validation_Quote"/>
</testsuite> <!-- com.GAP.WS1_0.Validation_Quote -->
