<?xml version="1.0" encoding="UTF-8"?>
<!-- Generated by org.testng.reporters.JUnitReportReporter -->
<testsuite hostname="DESKTOP-OSSFJTV" failures="0" tests="1" name="com.WS1_0.WS1_0.Looser_Account_Copy" time="103.511" errors="0" timestamp="26 Sep 2018 15:07:17 GMT" skipped="0">
  <testcase classname="com.WS1_0.WS1_0.Looser_Account_Copy" name="looser_account" time="103.511"/>
</testsuite> <!-- com.WS1_0.WS1_0.Looser_Account_Copy -->
