<?xml version="1.0" encoding="UTF-8"?>
<!-- Generated by org.testng.reporters.JUnitReportReporter -->
<testsuite hostname="DESKTOP-OSSFJTV" failures="0" tests="1" name="com.WS1_0.WS1_0.Auto_Send_Contract_Validation" time="3.573" errors="0" timestamp="27 Sep 2018 07:44:35 GMT" skipped="0">
  <testcase classname="com.WS1_0.WS1_0.Auto_Send_Contract_Validation" name="auto_send_contract_validation" time="3.573"/>
</testsuite> <!-- com.WS1_0.WS1_0.Auto_Send_Contract_Validation -->
