<?xml version="1.0" encoding="UTF-8"?>
<!-- Generated by org.testng.reporters.JUnitReportReporter -->
<testsuite hostname="DESKTOP-VVNQ9IQ" name="com.GAP.WS1_0.Verify_Barter_Verbiage" tests="1" failures="0" timestamp="28 Nov 2018 14:18:43 GMT" time="128.534" errors="0">
  <testcase name="verifyBarterVerbiage" time="128.534" classname="com.GAP.WS1_0.Verify_Barter_Verbiage"/>
</testsuite> <!-- com.GAP.WS1_0.Verify_Barter_Verbiage -->
