<?xml version="1.0" encoding="UTF-8"?>
<!-- Generated by org.testng.reporters.JUnitReportReporter -->
<testsuite hostname="DESKTOP-OSSFJTV" failures="0" tests="1" name="com.WS1_0.WS1_0.Send_Docusign_without_Billing_Contact_Copy" time="243.331" errors="0" timestamp="26 Sep 2018 09:05:14 GMT" skipped="0">
  <testcase classname="com.WS1_0.WS1_0.Send_Docusign_without_Billing_Contact_Copy" name="Send_Docusign_without_Billing_Contact" time="243.331"/>
</testsuite> <!-- com.WS1_0.WS1_0.Send_Docusign_without_Billing_Contact_Copy -->
