<?xml version="1.0" encoding="UTF-8"?>
<!-- Generated by org.testng.reporters.JUnitReportReporter -->
<testsuite hostname="DESKTOP-VVNQ9IQ" name="com.GAP.WS1_0.Auto_Send_Contract_Validation_Copy" tests="1" failures="0" timestamp="8 Oct 2018 15:17:03 GMT" time="91.951" errors="0">
  <testcase name="createContactOpportunity" time="91.951" classname="com.GAP.WS1_0.Auto_Send_Contract_Validation_Copy"/>
</testsuite> <!-- com.GAP.WS1_0.Auto_Send_Contract_Validation_Copy -->
