<?xml version="1.0" encoding="UTF-8"?>
<!-- Generated by org.testng.reporters.JUnitReportReporter -->
<testsuite hostname="DESKTOP-OSSFJTV" failures="0" tests="1" name="com.GAP.WS1_0.Manual_Introduction_Tab_CC" time="143.806" errors="0" timestamp="21 Dec 2018 10:18:22 GMT" skipped="0">
  <testcase classname="com.GAP.WS1_0.Manual_Introduction_Tab_CC" name="manual_introduction_tab_cc" time="143.806"/>
</testsuite> <!-- com.GAP.WS1_0.Manual_Introduction_Tab_CC -->
