<?xml version="1.0" encoding="UTF-8"?>
<!-- Generated by org.testng.reporters.JUnitReportReporter -->
<testsuite hostname="DESKTOP-OSSFJTV" failures="0" tests="1" name="com.WS1_0.WS1_0.Resubmit_Accounting_Approval_Copy" time="73.122" errors="0" timestamp="26 Sep 2018 14:56:25 GMT" skipped="0">
  <testcase classname="com.WS1_0.WS1_0.Resubmit_Accounting_Approval_Copy" name="resubmit_accounting_approval" time="73.122"/>
</testsuite> <!-- com.WS1_0.WS1_0.Resubmit_Accounting_Approval_Copy -->
