<?xml version="1.0" encoding="UTF-8"?>
<!-- Generated by org.testng.reporters.JUnitReportReporter -->
<testsuite hostname="DESKTOP-OSSFJTV" failures="0" tests="1" name="com.WS1_0.WS1_0.Account_Validation_Copy" time="314.616" errors="0" timestamp="25 Sep 2018 11:14:37 GMT" skipped="0">
  <testcase classname="com.WS1_0.WS1_0.Account_Validation_Copy" name="Account_Validation" time="314.616"/>
</testsuite> <!-- com.WS1_0.WS1_0.Account_Validation_Copy -->
