<?xml version="1.0" encoding="UTF-8"?>
<!-- Generated by org.testng.reporters.JUnitReportReporter -->
<testsuite hostname="DESKTOP-OSSFJTV" failures="0" tests="1" name="com.GAP.WS1_0.Edit_Global_Form_Template_CC" time="94.532" errors="0" timestamp="18 Dec 2018 12:40:59 GMT" skipped="0">
  <testcase classname="com.GAP.WS1_0.Edit_Global_Form_Template_CC" name="create_global_form_template_cc" time="94.532"/>
</testsuite> <!-- com.GAP.WS1_0.Edit_Global_Form_Template_CC -->
