<?xml version="1.0" encoding="UTF-8"?>
<!-- Generated by org.testng.reporters.JUnitReportReporter -->
<testsuite hostname="DESKTOP-VVNQ9IQ" name="com.GAP.WS1_0.Forms_Exhibitor_RequiredForms_CC" tests="1" failures="0" timestamp="27 Dec 2018 15:45:02 GMT" time="155.285" errors="0">
  <testcase name="verifyFormsExhibitorRequiredFormsCustomerCentre" time="155.285" classname="com.GAP.WS1_0.Forms_Exhibitor_RequiredForms_CC"/>
</testsuite> <!-- com.GAP.WS1_0.Forms_Exhibitor_RequiredForms_CC -->
