<?xml version="1.0" encoding="UTF-8"?>
<!-- Generated by org.testng.reporters.JUnitReportReporter -->
<testsuite hostname="DESKTOP-OSSFJTV" failures="0" tests="1" name="com.WS1_1.WS1_1.Login" time="4.596" errors="0" timestamp="29 Jun 2018 09:15:56 GMT" skipped="0">
  <testcase classname="com.WS1_1.WS1_1.Login" name="login" time="4.596"/>
</testsuite> <!-- com.WS1_1.WS1_1.Login -->
