<?xml version="1.0" encoding="UTF-8"?>
<!-- Generated by org.testng.reporters.JUnitReportReporter -->
<testsuite hostname="DESKTOP-OSSFJTV" failures="0" tests="1" name="com.WS1_0.WS1_0.Inactive_Contact_Copy" time="133.739" errors="0" timestamp="27 Sep 2018 07:39:10 GMT" skipped="0">
  <testcase classname="com.WS1_0.WS1_0.Inactive_Contact_Copy" name="inactive_contact" time="133.739"/>
</testsuite> <!-- com.WS1_0.WS1_0.Inactive_Contact_Copy -->
