<?xml version="1.0" encoding="UTF-8"?>
<!-- Generated by org.testng.reporters.JUnitReportReporter -->
<testsuite hostname="DESKTOP-OSSFJTV" failures="0" tests="1" name="com.GAP.WS1_0.Manual_Reports_Tab_CC" time="125.244" errors="0" timestamp="27 Dec 2018 14:48:08 GMT" skipped="0">
  <testcase classname="com.GAP.WS1_0.Manual_Reports_Tab_CC" name="manual_reports_tab_cc" time="125.244"/>
</testsuite> <!-- com.GAP.WS1_0.Manual_Reports_Tab_CC -->
