<?xml version="1.0" encoding="UTF-8"?>
<!-- Generated by org.testng.reporters.JUnitReportReporter -->
<testsuite hostname="DESKTOP-VVNQ9IQ" name="com.GAP.WS1_0.Billing_Contact_Reflected_Quote" tests="1" failures="0" timestamp="27 Nov 2018 15:07:42 GMT" time="210.451" errors="0">
  <testcase name="billingContractReflectedQuote" time="210.451" classname="com.GAP.WS1_0.Billing_Contact_Reflected_Quote"/>
</testsuite> <!-- com.GAP.WS1_0.Billing_Contact_Reflected_Quote -->
