<?xml version="1.0" encoding="UTF-8"?>
<!-- Generated by org.testng.reporters.JUnitReportReporter -->
<testsuite hostname="DESKTOP-OSSFJTV" failures="0" tests="1" name="com.WS1_0.WS1_0.CNPJ_Field_Format" time="79.985" errors="0" timestamp="25 Sep 2018 11:48:33 GMT" skipped="0">
  <testcase classname="com.WS1_0.WS1_0.CNPJ_Field_Format" name="CNPJ_field_format" time="79.985"/>
</testsuite> <!-- com.WS1_0.WS1_0.CNPJ_Field_Format -->
