<?xml version="1.0" encoding="UTF-8"?>
<!-- Generated by org.testng.reporters.JUnitReportReporter -->
<testsuite hostname="DESKTOP-OSSFJTV" failures="0" tests="1" name="com.WS1_1.WS1_1.Contact_from_Opp_Quote" time="224.129" errors="0" timestamp="19 Sep 2018 14:42:14 GMT" skipped="0">
  <testcase classname="com.WS1_1.WS1_1.Contact_from_Opp_Quote" name="contact_from_opp_quote" time="224.129"/>
</testsuite> <!-- com.WS1_1.WS1_1.Contact_from_Opp_Quote -->
