<?xml version="1.0" encoding="UTF-8"?>
<!-- Generated by org.testng.reporters.JUnitReportReporter -->
<testsuite hostname="DESKTOP-OSSFJTV" failures="0" tests="1" name="com.GAP.WS1_0.Verify_Billing_Contact" time="185.066" errors="0" timestamp="29 Nov 2018 14:27:23 GMT" skipped="0">
  <testcase classname="com.GAP.WS1_0.Verify_Billing_Contact" name="verify_billing_contact" time="185.066"/>
</testsuite> <!-- com.GAP.WS1_0.Verify_Billing_Contact -->
