<?xml version="1.0" encoding="UTF-8"?>
<!-- Generated by org.testng.reporters.JUnitReportReporter -->
<testsuite hostname="DESKTOP-OSSFJTV" failures="0" tests="1" name="com.GAP.WS1_0.Global_Form_Template_Field_Verification_CC" time="51.393" errors="0" timestamp="24 Dec 2018 15:08:30 GMT" skipped="0">
  <testcase classname="com.GAP.WS1_0.Global_Form_Template_Field_Verification_CC" name="global_form_template_field_verification_cc" time="51.393"/>
</testsuite> <!-- com.GAP.WS1_0.Global_Form_Template_Field_Verification_CC -->
