<?xml version="1.0" encoding="UTF-8"?>
<!-- Generated by org.testng.reporters.JUnitReportReporter -->
<testsuite hostname="DESKTOP-VVNQ9IQ" name="com.GAP.WS1_0.Quote_Line_Rendering_change" tests="1" failures="0" timestamp="28 Nov 2018 09:59:01 GMT" time="594.553" errors="0">
  <testcase name="verifyQuoteLineRenderingchange" time="594.553" classname="com.GAP.WS1_0.Quote_Line_Rendering_change"/>
</testsuite> <!-- com.GAP.WS1_0.Quote_Line_Rendering_change -->
