<?xml version="1.0" encoding="UTF-8"?>
<!-- Generated by org.testng.reporters.JUnitReportReporter -->
<testsuite hostname="DESKTOP-VVNQ9IQ" name="com.GAP.WS1_0.test" tests="1" failures="0" timestamp="23 Nov 2018 10:20:40 GMT" time="287.447" errors="0">
  <testcase name="verifyBoothSelectionOrder" time="287.447" classname="com.GAP.WS1_0.test"/>
</testsuite> <!-- com.GAP.WS1_0.test -->
