<?xml version="1.0" encoding="UTF-8"?>
<!-- Generated by org.testng.reporters.JUnitReportReporter -->
<testsuite hostname="DESKTOP-OSSFJTV" failures="0" tests="1" name="com.GAP.WS1_0.Manual_Additional_Tab_CC" time="210.506" errors="0" timestamp="28 Dec 2018 08:06:23 GMT" skipped="0">
  <testcase classname="com.GAP.WS1_0.Manual_Additional_Tab_CC" name="manual_additional_tab_cc" time="210.506"/>
</testsuite> <!-- com.GAP.WS1_0.Manual_Additional_Tab_CC -->
