<?xml version="1.0" encoding="UTF-8"?>
<!-- Generated by org.testng.reporters.JUnitReportReporter -->
<testsuite hostname="DESKTOP-OSSFJTV" failures="0" tests="1" name="com.WS1_0.WS1_0.Copy_Address_Copy" time="85.481" errors="0" timestamp="27 Sep 2018 08:59:04 GMT" skipped="0">
  <testcase classname="com.WS1_0.WS1_0.Copy_Address_Copy" name="copy_address" time="85.481"/>
</testsuite> <!-- com.WS1_0.WS1_0.Copy_Address_Copy -->
