<?xml version="1.0" encoding="UTF-8"?>
<!-- Generated by org.testng.reporters.JUnitReportReporter -->
<testsuite hostname="DESKTOP-OSSFJTV" failures="0" tests="1" name="com.WS1_1.WS1_1.Account_Validation4" time="65.930" errors="0" timestamp="19 Sep 2018 08:34:46 GMT" skipped="0">
  <testcase classname="com.WS1_1.WS1_1.Account_Validation4" name="AccountValidation4" time="65.930"/>
</testsuite> <!-- com.WS1_1.WS1_1.Account_Validation4 -->
