<?xml version="1.0" encoding="UTF-8"?>
<!-- Generated by org.testng.reporters.JUnitReportReporter -->
<testsuite hostname="DESKTOP-OSSFJTV" failures="0" tests="1" name="com.WS1_0.WS1_0.Relationship_Contact_Copy" time="392.195" errors="0" timestamp="26 Sep 2018 10:21:20 GMT" skipped="0">
  <testcase classname="com.WS1_0.WS1_0.Relationship_Contact_Copy" name="Relationship_Contact" time="392.195"/>
</testsuite> <!-- com.WS1_0.WS1_0.Relationship_Contact_Copy -->
