<?xml version="1.0" encoding="UTF-8"?>
<!-- Generated by org.testng.reporters.JUnitReportReporter -->
<testsuite hostname="DESKTOP-OSSFJTV" failures="0" tests="1" name="com.WS1_1.WS1_1.Accumulate_Historically_Migrated_Data" time="110.546" errors="0" timestamp="17 Sep 2018 15:51:34 GMT" skipped="0">
  <testcase classname="com.WS1_1.WS1_1.Accumulate_Historically_Migrated_Data" name="accumulate_historically_migrated_data" time="110.546"/>
</testsuite> <!-- com.WS1_1.WS1_1.Accumulate_Historically_Migrated_Data -->
