<?xml version="1.0" encoding="UTF-8"?>
<!-- Generated by org.testng.reporters.JUnitReportReporter -->
<testsuite hostname="DESKTOP-OSSFJTV" failures="0" tests="1" name="com.GAP.WS1_0.Partner_Account_Billing_Contact" time="273.979" errors="0" timestamp="27 Nov 2018 16:52:38 GMT" skipped="0">
  <testcase classname="com.GAP.WS1_0.Partner_Account_Billing_Contact" name="Partner_Account_Billing_Contact" time="273.979"/>
</testsuite> <!-- com.GAP.WS1_0.Partner_Account_Billing_Contact -->
