<?xml version="1.0" encoding="UTF-8"?>
<!-- Generated by org.testng.reporters.JUnitReportReporter -->
<testsuite hostname="DESKTOP-OSSFJTV" failures="0" tests="1" name="com.GAP.WS1_0.No_Contract_Opportunity" time="104.439" errors="0" timestamp="03 Dec 2018 14:09:04 GMT" skipped="0">
  <testcase classname="com.GAP.WS1_0.No_Contract_Opportunity" name="no_contract_opportunity" time="104.439"/>
</testsuite> <!-- com.GAP.WS1_0.No_Contract_Opportunity -->
