<?xml version="1.0" encoding="UTF-8"?>
<!-- Generated by org.testng.reporters.JUnitReportReporter -->
<testsuite hostname="DESKTOP-OSSFJTV" failures="0" tests="1" name="com.GAP.WS1_0.Character_Limitation" time="148.462" errors="0" timestamp="27 Nov 2018 16:52:38 GMT" skipped="0">
  <testcase classname="com.GAP.WS1_0.Character_Limitation" name="CreateLeadSales" time="148.462"/>
</testsuite> <!-- com.GAP.WS1_0.Character_Limitation -->
