<?xml version="1.0" encoding="UTF-8"?>
<!-- Generated by org.testng.reporters.JUnitReportReporter -->
<testsuite hostname="DESKTOP-OSSFJTV" failures="0" tests="1" name="com.GAP.WS1_0.SSC_Dashboard_Discount_Applied" time="130.412" errors="0" timestamp="04 Dec 2018 09:24:58 GMT" skipped="0">
  <testcase classname="com.GAP.WS1_0.SSC_Dashboard_Discount_Applied" name="ssc_dashboard_discount_applied" time="130.412"/>
</testsuite> <!-- com.GAP.WS1_0.SSC_Dashboard_Discount_Applied -->
