<?xml version="1.0" encoding="UTF-8"?>
<!-- Generated by org.testng.reporters.JUnitReportReporter -->
<testsuite hostname="DESKTOP-VVNQ9IQ" name="com.GAP.WS1_0.Booth_Type_Selection_Order" tests="1" failures="0" timestamp="23 Nov 2018 12:27:04 GMT" time="379.672" errors="0">
  <testcase name="verifyBoothSelectionOrder" time="379.672" classname="com.GAP.WS1_0.Booth_Type_Selection_Order"/>
</testsuite> <!-- com.GAP.WS1_0.Booth_Type_Selection_Order -->
