<?xml version="1.0" encoding="UTF-8"?>
<!-- Generated by org.testng.reporters.JUnitReportReporter -->
<testsuite hostname="DESKTOP-OSSFJTV" failures="0" tests="1" name="com.WS1_0.WS1_0.Create_Partner_Copy" time="101.491" errors="0" timestamp="26 Sep 2018 13:03:13 GMT" skipped="0">
  <testcase classname="com.WS1_0.WS1_0.Create_Partner_Copy" name="create_partner" time="101.491"/>
</testsuite> <!-- com.WS1_0.WS1_0.Create_Partner_Copy -->
