<?xml version="1.0" encoding="UTF-8"?>
<!-- Generated by org.testng.reporters.JUnitReportReporter -->
<testsuite skipped="0" hostname="DESKTOP-VVNQ9IQ" name="com.GAP.WS1_0.Create_Online_Form_CC" tests="1" failures="0" timestamp="09 Jan 2019 15:42:00 GMT" time="250.989" errors="0">
  <testcase name="create_online_form__cc" time="250.989" classname="com.GAP.WS1_0.Create_Online_Form_CC"/>
</testsuite> <!-- com.GAP.WS1_0.Create_Online_Form_CC -->
