<?xml version="1.0" encoding="UTF-8"?>
<!-- Generated by org.testng.reporters.JUnitReportReporter -->
<testsuite hostname="DESKTOP-OSSFJTV" failures="0" tests="1" name="com.GAP.WS1_0.Event_Edition_Non_Editable" time="139.054" errors="0" timestamp="16 Nov 2018 08:56:52 GMT" skipped="0">
  <testcase classname="com.GAP.WS1_0.Event_Edition_Non_Editable" name="verifyEventEditionNonEditableFunctionality" time="139.054"/>
</testsuite> <!-- com.GAP.WS1_0.Event_Edition_Non_Editable -->
