<?xml version="1.0" encoding="UTF-8"?>
<!-- Generated by org.testng.reporters.JUnitReportReporter -->
<testsuite hostname="DESKTOP-VVNQ9IQ" name="com.GAP.WS1_0.Forms_RequiredForms_CC" tests="1" failures="0" timestamp="19 Dec 2018 10:13:38 GMT" time="357.593" errors="0">
  <testcase name="verifyFormsRequiredFormsCustomerCentre" time="357.593" classname="com.GAP.WS1_0.Forms_RequiredForms_CC"/>
</testsuite> <!-- com.GAP.WS1_0.Forms_RequiredForms_CC -->
