<?xml version="1.0" encoding="UTF-8"?>
<!-- Generated by org.testng.reporters.JUnitReportReporter -->
<testsuite hostname="DESKTOP-OSSFJTV" failures="0" tests="1" name="com.GAP.WS1_0.Manual_CC" time="94.743" errors="0" timestamp="20 Dec 2018 15:31:46 GMT" skipped="0">
  <testcase classname="com.GAP.WS1_0.Manual_CC" name="manual_cc" time="94.743"/>
</testsuite> <!-- com.GAP.WS1_0.Manual_CC -->
