<?xml version="1.0" encoding="UTF-8"?>
<!-- Generated by org.testng.reporters.JUnitReportReporter -->
<testsuite hostname="DESKTOP-OSSFJTV" failures="0" tests="1" name="com.GAP.WS1_0.Global_Form_Template_CC" time="92.102" errors="0" timestamp="17 Dec 2018 14:28:39 GMT" skipped="0">
  <testcase classname="com.GAP.WS1_0.Global_Form_Template_CC" name="global_form_template_cc" time="92.102"/>
</testsuite> <!-- com.GAP.WS1_0.Global_Form_Template_CC -->
