<?xml version="1.0" encoding="UTF-8"?>
<!-- Generated by org.testng.reporters.JUnitReportReporter -->
<testsuite hostname="DESKTOP-OSSFJTV" failures="0" tests="1" name="com.WS1_1.WS1_1.Account_Save_Alert" time="107.992" errors="0" timestamp="17 Sep 2018 10:19:35 GMT" skipped="0">
  <testcase classname="com.WS1_1.WS1_1.Account_Save_Alert" name="looser_account" time="107.992"/>
</testsuite> <!-- com.WS1_1.WS1_1.Account_Save_Alert -->
