<?xml version="1.0" encoding="UTF-8"?>
<!-- Generated by org.testng.reporters.JUnitReportReporter -->
<testsuite hostname="DESKTOP-OSSFJTV" failures="0" tests="1" name="com.GAP.WS1_0.Event_Edition_Required_Fields" time="80.289" errors="0" timestamp="07 Dec 2018 14:15:49 GMT" skipped="0">
  <testcase classname="com.GAP.WS1_0.Event_Edition_Required_Fields" name="event_edition_required_fields" time="80.289"/>
</testsuite> <!-- com.GAP.WS1_0.Event_Edition_Required_Fields -->
