<?xml version="1.0" encoding="UTF-8"?>
<!-- Generated by org.testng.reporters.JUnitReportReporter -->
<testsuite hostname="DESKTOP-OSSFJTV" failures="0" tests="1" name="com.GAP.WS1_0.CNPJ_Field_Format" time="106.844" errors="0" timestamp="07 Dec 2018 11:53:49 GMT" skipped="0">
  <testcase classname="com.GAP.WS1_0.CNPJ_Field_Format" name="CNPJ_field_format" time="106.844"/>
</testsuite> <!-- com.GAP.WS1_0.CNPJ_Field_Format -->
