<?xml version="1.0" encoding="UTF-8"?>
<!-- Generated by org.testng.reporters.JUnitReportReporter -->
<testsuite hostname="DESKTOP-OSSFJTV" failures="0" tests="1" name="com.WS1_1.WS1_1.Business_Partner_Information" time="119.525" errors="0" timestamp="19 Sep 2018 11:04:45 GMT" skipped="0">
  <testcase classname="com.WS1_1.WS1_1.Business_Partner_Information" name="business_partner_information" time="119.525"/>
</testsuite> <!-- com.WS1_1.WS1_1.Business_Partner_Information -->
