<?xml version="1.0" encoding="UTF-8"?>
<!-- Generated by org.testng.reporters.JUnitReportReporter -->
<testsuite hostname="DESKTOP-OSSFJTV" failures="0" tests="1" name="com.GAP.WS1_0.Enter_Taxid" time="85.040" errors="0" timestamp="07 Dec 2018 10:51:56 GMT" skipped="0">
  <testcase classname="com.GAP.WS1_0.Enter_Taxid" name="Enter_TaxId" time="85.040"/>
</testsuite> <!-- com.GAP.WS1_0.Enter_Taxid -->
