<?xml version="1.0" encoding="UTF-8"?>
<!-- Generated by org.testng.reporters.JUnitReportReporter -->
<testsuite hostname="DESKTOP-OSSFJTV" failures="0" tests="1" name="com.WS1_1.WS1_1.BaseClass" time="107.281" errors="0" timestamp="08 Aug 2018 16:56:42 GMT" skipped="0">
  <testcase classname="com.WS1_1.WS1_1.BaseClass" name="Setup" time="107.281"/>
</testsuite> <!-- com.WS1_1.WS1_1.BaseClass -->
