<?xml version="1.0" encoding="UTF-8"?>
<!-- Generated by org.testng.reporters.JUnitReportReporter -->
<testsuite hostname="DESKTOP-OSSFJTV" failures="0" tests="1" name="com.GAP.WS1_0.Billing_Contact_reflection_on_Quote" time="178.948" errors="0" timestamp="12 Oct 2018 23:03:33 GMT" skipped="0">
  <testcase classname="com.GAP.WS1_0.Billing_Contact_reflection_on_Quote" name="Billing_Contact_Reflection_on_Quote" time="178.948"/>
</testsuite> <!-- com.GAP.WS1_0.Billing_Contact_reflection_on_Quote -->
