<?xml version="1.0" encoding="UTF-8"?>
<!-- Generated by org.testng.reporters.JUnitReportReporter -->
<testsuite hostname="DESKTOP-OSSFJTV" failures="0" tests="1" name="com.GAP.WS1_0.Send_Docusign_without_Billing_Contact" time="235.863" errors="0" timestamp="28 Nov 2018 14:29:25 GMT" skipped="0">
  <testcase classname="com.GAP.WS1_0.Send_Docusign_without_Billing_Contact" name="Send_Docusign_without_Billing_Contact" time="235.863"/>
</testsuite> <!-- com.GAP.WS1_0.Send_Docusign_without_Billing_Contact -->
