<?xml version="1.0" encoding="UTF-8"?>
<!-- Generated by org.testng.reporters.JUnitReportReporter -->
<testsuite hostname="DESKTOP-VVNQ9IQ" name="com.GAP.WS1_0.Event_Edition_Payment_Terms_Enhancement" tests="1" failures="0" timestamp="7 Dec 2018 14:52:56 GMT" time="217.563" errors="0">
  <testcase name="verifyEventEditionPaymentTermsEnhancement" time="217.563" classname="com.GAP.WS1_0.Event_Edition_Payment_Terms_Enhancement"/>
</testsuite> <!-- com.GAP.WS1_0.Event_Edition_Payment_Terms_Enhancement -->
