<?xml version="1.0" encoding="UTF-8"?>
<!-- Generated by org.testng.reporters.JUnitReportReporter -->
<testsuite hostname="DESKTOP-VVNQ9IQ" name="com.GAP.WS1_0.Add_View_File_Icon" tests="1" failures="0" timestamp="15 Nov 2018 10:16:45 GMT" time="104.508" errors="0">
  <testcase name="verifyAddViewFileFunctionality" time="104.508" classname="com.GAP.WS1_0.Add_View_File_Icon"/>
</testsuite> <!-- com.GAP.WS1_0.Add_View_File_Icon -->
