<?xml version="1.0" encoding="UTF-8"?>
<!-- Generated by org.testng.reporters.JUnitReportReporter -->
<testsuite hostname="DESKTOP-OSSFJTV" failures="0" tests="1" name="com.GAP.WS1_0.Unrent_Booth" time="176.901" errors="0" timestamp="16 Nov 2018 08:24:34 GMT" skipped="0">
  <testcase classname="com.GAP.WS1_0.Unrent_Booth" name="unrent_booth" time="176.901"/>
</testsuite> <!-- com.GAP.WS1_0.Unrent_Booth -->
