<?xml version="1.0" encoding="UTF-8"?>
<!-- Generated by org.testng.reporters.JUnitReportReporter -->
<testsuite hostname="DESKTOP-OSSFJTV" failures="0" tests="1" name="com.GAP.WS1_0.Matching_Product_Name" time="100.652" errors="0" timestamp="04 Dec 2018 14:27:59 GMT" skipped="0">
  <testcase classname="com.GAP.WS1_0.Matching_Product_Name" name="matching_poduct_name" time="100.652"/>
</testsuite> <!-- com.GAP.WS1_0.Matching_Product_Name -->
