<?xml version="1.0" encoding="UTF-8"?>
<!-- Generated by org.testng.reporters.JUnitReportReporter -->
<testsuite hostname="DESKTOP-OSSFJTV" failures="0" tests="1" name="com.WS1_1.WS1_1.Enter_Taxid" time="74.426" errors="0" timestamp="19 Sep 2018 15:56:25 GMT" skipped="0">
  <testcase classname="com.WS1_1.WS1_1.Enter_Taxid" name="enter_taxid" time="74.426"/>
</testsuite> <!-- com.WS1_1.WS1_1.Enter_Taxid -->
