<?xml version="1.0" encoding="UTF-8"?>
<!-- Generated by org.testng.reporters.JUnitReportReporter -->
<testsuite hostname="DESKTOP-OSSFJTV" failures="0" tests="1" name="com.GAP.WS1_0.Quote_Contact_not_Editable" time="261.644" errors="0" timestamp="29 Nov 2018 07:09:33 GMT" skipped="0">
  <testcase classname="com.GAP.WS1_0.Quote_Contact_not_Editable" name="Quote_Contact_not_Editable" time="261.644"/>
</testsuite> <!-- com.GAP.WS1_0.Quote_Contact_not_Editable -->
