<?xml version="1.0" encoding="UTF-8"?>
<!-- Generated by org.testng.reporters.JUnitReportReporter -->
<testsuite hostname="DESKTOP-OSSFJTV" failures="0" tests="1" name="com.WS1_1.WS1_1.Copy_Address" time="69.016" errors="0" timestamp="10 Sep 2018 12:59:32 GMT" skipped="0">
  <testcase classname="com.WS1_1.WS1_1.Copy_Address" name="copy_address" time="69.016"/>
</testsuite> <!-- com.WS1_1.WS1_1.Copy_Address -->
