<?xml version="1.0" encoding="UTF-8"?>
<!-- Generated by org.testng.reporters.JUnitReportReporter -->
<testsuite hostname="DESKTOP-OSSFJTV" failures="0" tests="1" name="com.WS1_1.WS1_1.Account_Validation3" time="119.363" errors="0" timestamp="19 Sep 2018 09:58:36 GMT" skipped="0">
  <testcase classname="com.WS1_1.WS1_1.Account_Validation3" name="AccountValidation3" time="119.363"/>
</testsuite> <!-- com.WS1_1.WS1_1.Account_Validation3 -->
