<?xml version="1.0" encoding="UTF-8"?>
<!-- Generated by org.testng.reporters.JUnitReportReporter -->
<testsuite hostname="DESKTOP-OSSFJTV" failures="0" tests="1" name="com.WS1_0.WS1_0.Credit_Hold_Copy" time="192.756" errors="0" timestamp="25 Sep 2018 10:01:34 GMT" skipped="0">
  <testcase classname="com.WS1_0.WS1_0.Credit_Hold_Copy" name="Credit_Hold" time="192.756"/>
</testsuite> <!-- com.WS1_0.WS1_0.Credit_Hold_Copy -->
