<?xml version="1.0" encoding="UTF-8"?>
<!-- Generated by org.testng.reporters.JUnitReportReporter -->
<testsuite hostname="DESKTOP-VVNQ9IQ" name="com.GAP.WS1_0.Verify_Master_Opportunity" tests="1" failures="0" timestamp="28 Nov 2018 14:39:10 GMT" time="603.504" errors="0">
  <testcase name="VerifyMasterOpportunity" time="603.504" classname="com.GAP.WS1_0.Verify_Master_Opportunity"/>
</testsuite> <!-- com.GAP.WS1_0.Verify_Master_Opportunity -->
