<?xml version="1.0" encoding="UTF-8"?>
<!-- Generated by org.testng.reporters.JUnitReportReporter -->
<testsuite hostname="DESKTOP-OSSFJTV" failures="0" tests="1" name="com.GAP.WS1_0.Standard_Button_Visiblity" time="117.139" errors="0" timestamp="16 Oct 2018 14:23:27 GMT" skipped="0">
  <testcase classname="com.GAP.WS1_0.Standard_Button_Visiblity" name="activity_rollup" time="117.139"/>
</testsuite> <!-- com.GAP.WS1_0.Standard_Button_Visiblity -->
