<?xml version="1.0" encoding="UTF-8"?>
<!-- Generated by org.testng.reporters.JUnitReportReporter -->
<testsuite hostname="DESKTOP-OSSFJTV" failures="0" tests="1" name="com.GAP.WS1_0.Compare_Corner_Validation2" time="1206.679" errors="0" timestamp="28 Nov 2018 11:38:03 GMT" skipped="0">
  <testcase classname="com.GAP.WS1_0.Compare_Corner_Validation2" name="compare_corner_validation2" time="1206.679"/>
</testsuite> <!-- com.GAP.WS1_0.Compare_Corner_Validation2 -->
