<?xml version="1.0" encoding="UTF-8"?>
<!-- Generated by org.testng.reporters.JUnitReportReporter -->
<testsuite hostname="DESKTOP-OSSFJTV" failures="0" tests="1" name="com.WS1_0.WS1_0.Auto_Send_Contract_Validation_Copy" time="185.044" errors="0" timestamp="27 Sep 2018 08:55:15 GMT" skipped="0">
  <testcase classname="com.WS1_0.WS1_0.Auto_Send_Contract_Validation_Copy" name="auto_send_contract_validation" time="185.044"/>
</testsuite> <!-- com.WS1_0.WS1_0.Auto_Send_Contract_Validation_Copy -->
