<?xml version="1.0" encoding="UTF-8"?>
<!-- Generated by org.testng.reporters.JUnitReportReporter -->
<testsuite hostname="DESKTOP-VVNQ9IQ" name="com.GAP.WS1_0.Changes_New_Quote_Place" tests="1" failures="0" timestamp="4 Dec 2018 15:34:49 GMT" time="542.636" errors="0">
  <testcase name="verifyChangesNewQuoteFunctionality" time="542.636" classname="com.GAP.WS1_0.Changes_New_Quote_Place"/>
</testsuite> <!-- com.GAP.WS1_0.Changes_New_Quote_Place -->
