<?xml version="1.0" encoding="UTF-8"?>
<!-- Generated by org.testng.reporters.JUnitReportReporter -->
<testsuite hostname="DESKTOP-OSSFJTV" failures="0" tests="1" name="com.GAP.WS1_0.Home_Page_Exhibitor_Portal_CC" time="44.465" errors="0" timestamp="03 Jan 2019 13:21:59 GMT" skipped="0">
  <testcase classname="com.GAP.WS1_0.Home_Page_Exhibitor_Portal_CC" name="home_page_exhibitor_portal_cc" time="44.465"/>
</testsuite> <!-- com.GAP.WS1_0.Home_Page_Exhibitor_Portal_CC -->
