<?xml version="1.0" encoding="UTF-8"?>
<!-- Generated by org.testng.reporters.JUnitReportReporter -->
<testsuite hostname="DESKTOP-OSSFJTV" failures="0" tests="1" name="com.GAP.WS1_0.Verify_Exhibitor_Paid_by_Values" time="1182.701" errors="0" timestamp="29 Nov 2018 08:35:14 GMT" skipped="0">
  <testcase classname="com.GAP.WS1_0.Verify_Exhibitor_Paid_by_Values" name="verify_exhibitor_paid_by_values" time="1182.701"/>
</testsuite> <!-- com.GAP.WS1_0.Verify_Exhibitor_Paid_by_Values -->
