<?xml version="1.0" encoding="UTF-8"?>
<!-- Generated by org.testng.reporters.JUnitReportReporter -->
<testsuite hostname="DESKTOP-OSSFJTV" failures="0" tests="1" name="com.GAP.WS1_0.Manual_Permission_Tab_CC" time="111.639" errors="0" timestamp="26 Dec 2018 08:58:26 GMT" skipped="0">
  <testcase classname="com.GAP.WS1_0.Manual_Permission_Tab_CC" name="manual_permission_tab_cc" time="111.639"/>
</testsuite> <!-- com.GAP.WS1_0.Manual_Permission_Tab_CC -->
