<?xml version="1.0" encoding="UTF-8"?>
<!-- Generated by org.testng.reporters.JUnitReportReporter -->
<testsuite hostname="DESKTOP-OSSFJTV" failures="0" tests="1" name="com.WS1_0.WS1_0.Quote_Contact_not_Editable_Copy" time="297.076" errors="0" timestamp="25 Sep 2018 15:48:33 GMT" skipped="0">
  <testcase classname="com.WS1_0.WS1_0.Quote_Contact_not_Editable_Copy" name="Quote_Contact_not_Editable" time="297.076"/>
</testsuite> <!-- com.WS1_0.WS1_0.Quote_Contact_not_Editable_Copy -->
