<?xml version="1.0" encoding="UTF-8"?>
<!-- Generated by org.testng.reporters.JUnitReportReporter -->
<testsuite hostname="DESKTOP-OSSFJTV" failures="0" tests="1" name="com.GAP.WS1_0.Verify_Primary_Contact_Autopopulate" time="138.600" errors="0" timestamp="28 Nov 2018 15:45:10 GMT" skipped="0">
  <testcase classname="com.GAP.WS1_0.Verify_Primary_Contact_Autopopulate" name="Verify_Primary_Contact_Autopopulate" time="138.600"/>
</testsuite> <!-- com.GAP.WS1_0.Verify_Primary_Contact_Autopopulate -->
