<?xml version="1.0" encoding="UTF-8"?>
<!-- Generated by org.testng.reporters.JUnitReportReporter -->
<testsuite skipped="0" hostname="DESKTOP-VVNQ9IQ" name="com.GAP.WS1_0.Chrome_Create_New_Opp" tests="1" failures="0" timestamp="08 Mar 2019 14:35:14 GMT" time="122.046" errors="0">
  <testcase name="booth_rent_stage_on_payment" time="122.046" classname="com.GAP.WS1_0.Chrome_Create_New_Opp"/>
</testsuite> <!-- com.GAP.WS1_0.Chrome_Create_New_Opp -->
