<?xml version="1.0" encoding="UTF-8"?>
<!-- Generated by org.testng.reporters.JUnitReportReporter -->
<testsuite hostname="DESKTOP-OSSFJTV" failures="0" tests="1" name="com.WS1_0.WS1_0.Business_Partner_Information_Copy" time="122.549" errors="0" timestamp="25 Sep 2018 11:26:16 GMT" skipped="0">
  <testcase classname="com.WS1_0.WS1_0.Business_Partner_Information_Copy" name="Business_Partner_Information" time="122.549"/>
</testsuite> <!-- com.WS1_0.WS1_0.Business_Partner_Information_Copy -->
