<?xml version="1.0" encoding="UTF-8"?>
<!-- Generated by org.testng.reporters.JUnitReportReporter -->
<testsuite skipped="0" hostname="DESKTOP-VVNQ9IQ" name="com.GAP.WS1_0.Forms_Exhibitor_ExpiryMessage_Online_CC" tests="1" failures="0" timestamp="31 Dec 2018 08:42:19 GMT" time="158.730" errors="0">
  <testcase name="verifyFormsExhibitorExpiryMessageOnlineCustomerCentre" time="158.730" classname="com.GAP.WS1_0.Forms_Exhibitor_ExpiryMessage_Online_CC"/>
</testsuite> <!-- com.GAP.WS1_0.Forms_Exhibitor_ExpiryMessage_Online_CC -->
