<?xml version="1.0" encoding="UTF-8"?>
<!-- Generated by org.testng.reporters.JUnitReportReporter -->
<testsuite hostname="DESKTOP-OSSFJTV" failures="0" tests="1" name="com.WS1_1.WS1_1.Send_Docusign_without_Billing_Contact" time="136.863" errors="0" timestamp="17 Sep 2018 08:59:40 GMT" skipped="0">
  <testcase classname="com.WS1_1.WS1_1.Send_Docusign_without_Billing_Contact" name="send_docusign_without_billing_contact" time="136.863"/>
</testsuite> <!-- com.WS1_1.WS1_1.Send_Docusign_without_Billing_Contact -->
