<?xml version="1.0" encoding="UTF-8"?>
<!-- Generated by org.testng.reporters.JUnitReportReporter -->
<testsuite hostname="DESKTOP-VVNQ9IQ" name="com.GAP.WS1_0.Verify_Attachement_Based_Product_Quote" tests="1" failures="0" timestamp="29 Nov 2018 14:19:34 GMT" time="392.066" errors="0">
  <testcase name="Attachement_Based_Product_Quote" time="392.066" classname="com.GAP.WS1_0.Verify_Attachement_Based_Product_Quote"/>
</testsuite> <!-- com.GAP.WS1_0.Verify_Attachement_Based_Product_Quote -->
