<?xml version="1.0" encoding="UTF-8"?>
<!-- Generated by org.testng.reporters.JUnitReportReporter -->
<testsuite hostname="DESKTOP-VVNQ9IQ" name="com.WS1_0.GAP.Event_Edition_Non_Editable" tests="1" failures="0" timestamp="27 Sep 2018 08:32:27 GMT" time="417.728" errors="0">
  <testcase name="verifyEventEditionNonEditableFunctionality" time="417.728" classname="com.WS1_0.GAP.Event_Edition_Non_Editable"/>
</testsuite> <!-- com.WS1_0.GAP.Event_Edition_Non_Editable -->
